<?xml version="1.0" encoding="UTF-8"?>
<!-- Generated by org.testng.reporters.JUnitReportReporter -->
<testsuite hostname="Desktop-Monitor-3rd-Floor-room3" failures="0" tests="2" name="data_driven_testing.LearnParameterisation" time="3.426" errors="0" timestamp="2023-12-23T11:39:38 IST" skipped="0">
  <testcase classname="data_driven_testing.LearnParameterisation" name="login" time="1.551"/>
  <testcase classname="data_driven_testing.LearnParameterisation" name="login" time="1.875"/>
</testsuite> <!-- data_driven_testing.LearnParameterisation -->
