<?xml version="1.0" encoding="UTF-8"?>
<!-- Generated by org.testng.reporters.JUnitReportReporter -->
<testsuite hostname="Desktop-Monitor-3rd-Floor-room3" failures="0" tests="3" name="com.actitime.testscript.ProjectModule" time="7.329" errors="0" timestamp="2023-12-23T10:21:26 IST" skipped="0">
  <testcase classname="com.actitime.testscript.ProjectModule" name="createProject" time="1.761">
    <system-out>
      <![CDATA[createProject
createProject method has got passed]]>
    </system-out>
  </testcase> <!-- createProject -->
  <testcase classname="com.actitime.testscript.ProjectModule" name="deleteProject" time="2.200">
    <system-out>
      <![CDATA[deleteProject
deleteProject method has got passed]]>
    </system-out>
  </testcase> <!-- deleteProject -->
  <testcase classname="com.actitime.testscript.ProjectModule" name="modifyProject" time="3.368">
    <system-out>
      <![CDATA[modifyProject
modifyProject method has got passed]]>
    </system-out>
  </testcase> <!-- modifyProject -->
  <system-out>
    <![CDATA[openBrowser
openBrowser
openBrowser
login
login
createProject
createTask
createProject method has got passed
login
createCustomer
createCustomer method has got passed
logout
logout
login
deleteTask
login
deleteProject
deleteProject method has got passed
logout
logout
login
modifyProject
modifyProject method has got passed
login
modifyTask
deleteCustomer method has got skipped
modifyCustomer method has got skipped
logout
logout
closeBrowser
closeBrowser
closeBrowser]]>
  </system-out>
</testsuite> <!-- com.actitime.testscript.ProjectModule -->
