<?xml version="1.0" encoding="UTF-8"?>
<!-- Generated by org.testng.reporters.JUnitReportReporter -->
<testsuite hostname="Desktop-Monitor-3rd-Floor-room3" failures="0" tests="3" name="data_driven_testing.LearnDataProvider" time="5.250" errors="0" timestamp="2023-12-23T12:43:45 IST" skipped="0">
  <testcase classname="data_driven_testing.LearnDataProvider" name="login" time="1.618"/>
  <testcase classname="data_driven_testing.LearnDataProvider" name="login" time="1.712"/>
  <testcase classname="data_driven_testing.LearnDataProvider" name="login" time="1.920"/>
</testsuite> <!-- data_driven_testing.LearnDataProvider -->
