<?xml version="1.0" encoding="UTF-8"?>
<!-- Generated by org.testng.reporters.JUnitReportReporter -->
<testsuite hostname="Desktop-Monitor-3rd-Floor-room3" failures="0" tests="1" name="demo_testng.DemoA" time="7.365" errors="0" timestamp="2023-12-03T13:08:59 IST" skipped="0">
  <testcase classname="demo_testng.DemoA" name="test" time="7.365"/>
</testsuite> <!-- demo_testng.DemoA -->
