<?xml version="1.0" encoding="UTF-8"?>
<!-- Generated by org.testng.reporters.JUnitReportReporter -->
<testsuite hostname="Desktop-Monitor-3rd-Floor-room3" failures="0" tests="3" name="data_driven_testing.DemoB" time="4.969" errors="0" timestamp="2023-12-23T12:48:36 IST" skipped="0">
  <testcase classname="data_driven_testing.DemoB" name="login" time="1.635"/>
  <testcase classname="data_driven_testing.DemoB" name="login" time="1.459"/>
  <testcase classname="data_driven_testing.DemoB" name="login" time="1.875"/>
</testsuite> <!-- data_driven_testing.DemoB -->
