<?xml version="1.0" encoding="UTF-8"?>
<!-- Generated by org.testng.reporters.JUnitReportReporter -->
<testsuite hostname="Desktop-Monitor-3rd-Floor-room3" failures="0" tests="1" name="com.actitime.testscript.Demo" time="0.002" errors="0" timestamp="2023-11-26T09:44:50 IST" skipped="0">
  <testcase classname="com.actitime.testscript.Demo" name="demoA" time="0.002">
    <system-out>
      <![CDATA[demoA]]>
    </system-out>
  </testcase> <!-- demoA -->
  <system-out>
    <![CDATA[createProject
deleteProject
modifyProject
demoA
createCustomer
deleteCustomer
modifyCustomer
createTask
deleteTask
modifyTask]]>
  </system-out>
</testsuite> <!-- com.actitime.testscript.Demo -->
